Build started 10/18/2013 10:27:16 PM.
     1>Project "C:\Users\Evan Griffin\Desktop\BubbleShooter\BubbleShooter\proj.win32\BubbleShooter.win32.vcxproj" on node 2 (build target(s)).
     1>InitializeBuildStatus:
         Creating "Debug.win32\BubbleShooter.win32.unsuccessfulbuild" because "AlwaysCreate" was specified.
       ClCompile:
         C:\Program Files (x86)\Microsoft Visual Studio 10.0\VC\bin\CL.exe /c /I. /I..\Classes /I"C:\Users\Evan Griffin\Desktop\BubbleShooter\cocos2dx" /I"C:\Users\Evan Griffin\Desktop\BubbleShooter\cocos2dx\include" /I"C:\Users\Evan Griffin\Desktop\BubbleShooter\cocos2dx\kazmath\include" /I"C:\Users\Evan Griffin\Desktop\BubbleShooter\cocos2dx\platform\win32" /I"C:\Users\Evan Griffin\Desktop\BubbleShooter\cocos2dx\platform\third_party\win32" /I"C:\Users\Evan Griffin\Desktop\BubbleShooter\cocos2dx\platform\third_party\win32\OGLES" /ZI /nologo /W3 /WX- /Od /Oy- /D WIN32 /D _WINDOWS /D STRICT /D _CRT_SECURE_NO_WARNINGS /D _SCL_SECURE_NO_WARNINGS_DEBUG /D COCOS2D_DEBUG=1 /D _UNICODE /D UNICODE /Gm /EHsc /RTC1 /MDd /GS /fp:precise /Zc:wchar_t /Zc:forScope /Fo"Debug.win32\\" /Fd"Debug.win32\vc100.pdb" /Gd /TP /wd4267 /wd4251 /wd4244 /analyze- /errorReport:prompt BubbleGrid.cpp
         Skipping... (no relevant changes detected)
         BubbleGrid.cpp
       ResourceCompile:
         All outputs are up-to-date.
       ManifestResourceCompile:
         All outputs are up-to-date.
       Link:
         C:\Program Files (x86)\Microsoft Visual Studio 10.0\VC\bin\link.exe /ERRORREPORT:PROMPT /OUT:"C:\Users\Evan Griffin\Desktop\BubbleShooter\Debug.win32\BubbleShooter.win32.exe" /INCREMENTAL /NOLOGO /LIBPATH:"C:\Users\Evan Griffin\Desktop\BubbleShooter\Debug.win32\\" /LIBPATH:../../Libs libcocos2d.lib opengl32.lib glew32.lib kernel32.lib user32.lib gdi32.lib winspool.lib comdlg32.lib advapi32.lib shell32.lib ole32.lib oleaut32.lib uuid.lib odbc32.lib odbccp32.lib /MANIFEST /ManifestFile:"Debug.win32\BubbleShooter.win32.exe.intermediate.manifest" /MANIFESTUAC:"level='asInvoker' uiAccess='false'" /DEBUG /PDB:"C:\Users\Evan Griffin\Desktop\BubbleShooter\Debug.win32\BubbleShooter.win32.pdb" /SUBSYSTEM:WINDOWS /TLBID:1 /DYNAMICBASE /NXCOMPAT /IMPLIB:"C:\Users\Evan Griffin\Desktop\BubbleShooter\Debug.win32\BubbleShooter.win32.lib" /MACHINE:X86 Debug.win32\BubbleShooter.res
         Debug.win32\BubbleShooter.win32.exe.embed.manifest.res
         Debug.win32\AppDelegate.obj
         Debug.win32\HelloWorldScene.obj
         Debug.win32\Bubble.obj
         Debug.win32\BubbleGrid.obj
         Debug.win32\Cannon.obj
         Debug.win32\main.obj
         Debug.win32\PlayerBubble.obj
       Manifest:
         C:\Program Files (x86)\Microsoft SDKs\Windows\v7.0A\bin\mt.exe /nologo /verbose /out:"Debug.win32\BubbleShooter.win32.exe.embed.manifest" /manifest Debug.win32\BubbleShooter.win32.exe.intermediate.manifest
         All outputs are up-to-date.
       LinkEmbedManifest:
         All outputs are up-to-date.
         BubbleShooter.win32.vcxproj -> C:\Users\Evan Griffin\Desktop\BubbleShooter\Debug.win32\BubbleShooter.win32.exe
       FinalizeBuildStatus:
         Deleting file "Debug.win32\BubbleShooter.win32.unsuccessfulbuild".
         Touching "Debug.win32\BubbleShooter.win32.lastbuildstate".
     1>Done Building Project "C:\Users\Evan Griffin\Desktop\BubbleShooter\BubbleShooter\proj.win32\BubbleShooter.win32.vcxproj" (build target(s)).

Build succeeded.

Time Elapsed 00:00:04.50
